2019-11-18 16:02:48,832 - ResourceManager : unable to find resource 'templates/create.vtl' in any resource loader.
2019-11-19 09:53:39,907 - ResourceManager : unable to find resource 'templates/signup.vtl' in any resource loader.
2019-11-19 09:53:39,907 - ResourceManager : unable to find resource 'templates/signup.vtl' in any resource loader.
2019-11-20 11:25:11,243 - Parser Exception: templates/posts.vtl
org.apache.velocity.runtime.parser.ParseException: Encountered "#end\n" at line 16, column 9.
Was expecting one of:
    <EOF> 
    "(" ...
    <RPAREN> ...
    <ESCAPE_DIRECTIVE> ...
    <SET_DIRECTIVE> ...
    "##" ...
    "\\\\" ...
    "\\" ...
    <TEXT> ...
    "*#" ...
    "*#" ...
    "]]#" ...
    <STRING_LITERAL> ...
    <IF_DIRECTIVE> ...
    <INTEGER_LITERAL> ...
    <FLOATING_POINT_LITERAL> ...
    <WORD> ...
    <BRACKETED_WORD> ...
    <IDENTIFIER> ...
    <DOT> ...
    "{" ...
    "}" ...
    <EMPTY_INDEX> ...
    
	at org.apache.velocity.runtime.parser.Parser.generateParseException(Parser.java:3679)
	at org.apache.velocity.runtime.parser.Parser.jj_consume_token(Parser.java:3558)
	at org.apache.velocity.runtime.parser.Parser.process(Parser.java:319)
	at org.apache.velocity.runtime.parser.Parser.parse(Parser.java:117)
	at org.apache.velocity.runtime.RuntimeInstance.parse(RuntimeInstance.java:1226)
	at org.apache.velocity.runtime.RuntimeInstance.parse(RuntimeInstance.java:1181)
	at org.apache.velocity.Template.process(Template.java:134)
	at org.apache.velocity.runtime.resource.ResourceManagerImpl.loadResource(ResourceManagerImpl.java:437)
	at org.apache.velocity.runtime.resource.ResourceManagerImpl.getResource(ResourceManagerImpl.java:352)
	at org.apache.velocity.runtime.RuntimeInstance.getTemplate(RuntimeInstance.java:1533)
	at org.apache.velocity.app.VelocityEngine.getTemplate(VelocityEngine.java:392)
	at VelocityTemplateEngine.render(VelocityTemplateEngine.java:79)
	at spark.TemplateViewRouteImpl$1.render(TemplateViewRouteImpl.java:61)
	at spark.TemplateViewRouteImpl$1.render(TemplateViewRouteImpl.java:58)
	at spark.TemplateViewRouteImpl.render(TemplateViewRouteImpl.java:86)
	at spark.http.matching.Routes.execute(Routes.java:63)
	at spark.http.matching.MatcherFilter.doFilter(MatcherFilter.java:130)
	at spark.embeddedserver.jetty.JettyHandler.doHandle(JettyHandler.java:50)
	at org.eclipse.jetty.server.session.SessionHandler.doScope(SessionHandler.java:1568)
	at org.eclipse.jetty.server.handler.ScopedHandler.handle(ScopedHandler.java:141)
	at org.eclipse.jetty.server.handler.HandlerWrapper.handle(HandlerWrapper.java:132)
	at org.eclipse.jetty.server.Server.handle(Server.java:530)
	at org.eclipse.jetty.server.HttpChannel.handle(HttpChannel.java:347)
	at org.eclipse.jetty.server.HttpConnection.onFillable(HttpConnection.java:256)
	at org.eclipse.jetty.io.AbstractConnection$ReadCallback.succeeded(AbstractConnection.java:279)
	at org.eclipse.jetty.io.FillInterest.fillable(FillInterest.java:102)
	at org.eclipse.jetty.io.ChannelEndPoint$2.run(ChannelEndPoint.java:124)
	at org.eclipse.jetty.util.thread.strategy.EatWhatYouKill.doProduce(EatWhatYouKill.java:247)
	at org.eclipse.jetty.util.thread.strategy.EatWhatYouKill.produce(EatWhatYouKill.java:140)
	at org.eclipse.jetty.util.thread.QueuedThreadPool.runJob(QueuedThreadPool.java:708)
	at org.eclipse.jetty.util.thread.QueuedThreadPool$2.run(QueuedThreadPool.java:626)
	at java.base/java.lang.Thread.run(Thread.java:830)
2019-11-20 11:25:11,253 - ResourceManager.getResource() parse exception
org.apache.velocity.exception.ParseErrorException: Encountered "#end\n" at templates/posts.vtl[line 16, column 9]
Was expecting one of:
    <EOF> 
    "(" ...
    <RPAREN> ...
    <ESCAPE_DIRECTIVE> ...
    <SET_DIRECTIVE> ...
    "##" ...
    "\\\\" ...
    "\\" ...
    <TEXT> ...
    "*#" ...
    "*#" ...
    "]]#" ...
    <STRING_LITERAL> ...
    <IF_DIRECTIVE> ...
    <INTEGER_LITERAL> ...
    <FLOATING_POINT_LITERAL> ...
    <WORD> ...
    <BRACKETED_WORD> ...
    <IDENTIFIER> ...
    <DOT> ...
    "{" ...
    "}" ...
    <EMPTY_INDEX> ...
    
	at org.apache.velocity.Template.process(Template.java:151)
	at org.apache.velocity.runtime.resource.ResourceManagerImpl.loadResource(ResourceManagerImpl.java:437)
	at org.apache.velocity.runtime.resource.ResourceManagerImpl.getResource(ResourceManagerImpl.java:352)
	at org.apache.velocity.runtime.RuntimeInstance.getTemplate(RuntimeInstance.java:1533)
	at org.apache.velocity.app.VelocityEngine.getTemplate(VelocityEngine.java:392)
	at VelocityTemplateEngine.render(VelocityTemplateEngine.java:79)
	at spark.TemplateViewRouteImpl$1.render(TemplateViewRouteImpl.java:61)
	at spark.TemplateViewRouteImpl$1.render(TemplateViewRouteImpl.java:58)
	at spark.TemplateViewRouteImpl.render(TemplateViewRouteImpl.java:86)
	at spark.http.matching.Routes.execute(Routes.java:63)
	at spark.http.matching.MatcherFilter.doFilter(MatcherFilter.java:130)
	at spark.embeddedserver.jetty.JettyHandler.doHandle(JettyHandler.java:50)
	at org.eclipse.jetty.server.session.SessionHandler.doScope(SessionHandler.java:1568)
	at org.eclipse.jetty.server.handler.ScopedHandler.handle(ScopedHandler.java:141)
	at org.eclipse.jetty.server.handler.HandlerWrapper.handle(HandlerWrapper.java:132)
	at org.eclipse.jetty.server.Server.handle(Server.java:530)
	at org.eclipse.jetty.server.HttpChannel.handle(HttpChannel.java:347)
	at org.eclipse.jetty.server.HttpConnection.onFillable(HttpConnection.java:256)
	at org.eclipse.jetty.io.AbstractConnection$ReadCallback.succeeded(AbstractConnection.java:279)
	at org.eclipse.jetty.io.FillInterest.fillable(FillInterest.java:102)
	at org.eclipse.jetty.io.ChannelEndPoint$2.run(ChannelEndPoint.java:124)
	at org.eclipse.jetty.util.thread.strategy.EatWhatYouKill.doProduce(EatWhatYouKill.java:247)
	at org.eclipse.jetty.util.thread.strategy.EatWhatYouKill.produce(EatWhatYouKill.java:140)
	at org.eclipse.jetty.util.thread.QueuedThreadPool.runJob(QueuedThreadPool.java:708)
	at org.eclipse.jetty.util.thread.QueuedThreadPool$2.run(QueuedThreadPool.java:626)
	at java.base/java.lang.Thread.run(Thread.java:830)
2019-11-20 11:41:55,358 - Parser Exception: templates/posts.vtl
org.apache.velocity.runtime.parser.ParseException: Encountered "&&" at line 9, column 33.
Was expecting:
    <RPAREN> ...
    
	at org.apache.velocity.runtime.parser.Parser.generateParseException(Parser.java:3679)
	at org.apache.velocity.runtime.parser.Parser.jj_consume_token(Parser.java:3558)
	at org.apache.velocity.runtime.parser.Parser.Directive(Parser.java:862)
	at org.apache.velocity.runtime.parser.Parser.Statement(Parser.java:379)
	at org.apache.velocity.runtime.parser.Parser.process(Parser.java:317)
	at org.apache.velocity.runtime.parser.Parser.parse(Parser.java:117)
	at org.apache.velocity.runtime.RuntimeInstance.parse(RuntimeInstance.java:1226)
	at org.apache.velocity.runtime.RuntimeInstance.parse(RuntimeInstance.java:1181)
	at org.apache.velocity.Template.process(Template.java:134)
	at org.apache.velocity.runtime.resource.ResourceManagerImpl.loadResource(ResourceManagerImpl.java:437)
	at org.apache.velocity.runtime.resource.ResourceManagerImpl.getResource(ResourceManagerImpl.java:352)
	at org.apache.velocity.runtime.RuntimeInstance.getTemplate(RuntimeInstance.java:1533)
	at org.apache.velocity.app.VelocityEngine.getTemplate(VelocityEngine.java:392)
	at VelocityTemplateEngine.render(VelocityTemplateEngine.java:79)
	at spark.TemplateViewRouteImpl$1.render(TemplateViewRouteImpl.java:61)
	at spark.TemplateViewRouteImpl$1.render(TemplateViewRouteImpl.java:58)
	at spark.TemplateViewRouteImpl.render(TemplateViewRouteImpl.java:86)
	at spark.http.matching.Routes.execute(Routes.java:63)
	at spark.http.matching.MatcherFilter.doFilter(MatcherFilter.java:130)
	at spark.embeddedserver.jetty.JettyHandler.doHandle(JettyHandler.java:50)
	at org.eclipse.jetty.server.session.SessionHandler.doScope(SessionHandler.java:1568)
	at org.eclipse.jetty.server.handler.ScopedHandler.handle(ScopedHandler.java:141)
	at org.eclipse.jetty.server.handler.HandlerWrapper.handle(HandlerWrapper.java:132)
	at org.eclipse.jetty.server.Server.handle(Server.java:530)
	at org.eclipse.jetty.server.HttpChannel.handle(HttpChannel.java:347)
	at org.eclipse.jetty.server.HttpConnection.onFillable(HttpConnection.java:256)
	at org.eclipse.jetty.io.AbstractConnection$ReadCallback.succeeded(AbstractConnection.java:279)
	at org.eclipse.jetty.io.FillInterest.fillable(FillInterest.java:102)
	at org.eclipse.jetty.io.ChannelEndPoint$2.run(ChannelEndPoint.java:124)
	at org.eclipse.jetty.util.thread.strategy.EatWhatYouKill.doProduce(EatWhatYouKill.java:247)
	at org.eclipse.jetty.util.thread.strategy.EatWhatYouKill.produce(EatWhatYouKill.java:140)
	at org.eclipse.jetty.util.thread.QueuedThreadPool.runJob(QueuedThreadPool.java:708)
	at org.eclipse.jetty.util.thread.QueuedThreadPool$2.run(QueuedThreadPool.java:626)
	at java.base/java.lang.Thread.run(Thread.java:830)
2019-11-20 11:41:55,363 - ResourceManager.getResource() parse exception
org.apache.velocity.exception.ParseErrorException: Encountered "&&" at templates/posts.vtl[line 9, column 33]
Was expecting:
    <RPAREN> ...
    
	at org.apache.velocity.Template.process(Template.java:151)
	at org.apache.velocity.runtime.resource.ResourceManagerImpl.loadResource(ResourceManagerImpl.java:437)
	at org.apache.velocity.runtime.resource.ResourceManagerImpl.getResource(ResourceManagerImpl.java:352)
	at org.apache.velocity.runtime.RuntimeInstance.getTemplate(RuntimeInstance.java:1533)
	at org.apache.velocity.app.VelocityEngine.getTemplate(VelocityEngine.java:392)
	at VelocityTemplateEngine.render(VelocityTemplateEngine.java:79)
	at spark.TemplateViewRouteImpl$1.render(TemplateViewRouteImpl.java:61)
	at spark.TemplateViewRouteImpl$1.render(TemplateViewRouteImpl.java:58)
	at spark.TemplateViewRouteImpl.render(TemplateViewRouteImpl.java:86)
	at spark.http.matching.Routes.execute(Routes.java:63)
	at spark.http.matching.MatcherFilter.doFilter(MatcherFilter.java:130)
	at spark.embeddedserver.jetty.JettyHandler.doHandle(JettyHandler.java:50)
	at org.eclipse.jetty.server.session.SessionHandler.doScope(SessionHandler.java:1568)
	at org.eclipse.jetty.server.handler.ScopedHandler.handle(ScopedHandler.java:141)
	at org.eclipse.jetty.server.handler.HandlerWrapper.handle(HandlerWrapper.java:132)
	at org.eclipse.jetty.server.Server.handle(Server.java:530)
	at org.eclipse.jetty.server.HttpChannel.handle(HttpChannel.java:347)
	at org.eclipse.jetty.server.HttpConnection.onFillable(HttpConnection.java:256)
	at org.eclipse.jetty.io.AbstractConnection$ReadCallback.succeeded(AbstractConnection.java:279)
	at org.eclipse.jetty.io.FillInterest.fillable(FillInterest.java:102)
	at org.eclipse.jetty.io.ChannelEndPoint$2.run(ChannelEndPoint.java:124)
	at org.eclipse.jetty.util.thread.strategy.EatWhatYouKill.doProduce(EatWhatYouKill.java:247)
	at org.eclipse.jetty.util.thread.strategy.EatWhatYouKill.produce(EatWhatYouKill.java:140)
	at org.eclipse.jetty.util.thread.QueuedThreadPool.runJob(QueuedThreadPool.java:708)
	at org.eclipse.jetty.util.thread.QueuedThreadPool$2.run(QueuedThreadPool.java:626)
	at java.base/java.lang.Thread.run(Thread.java:830)
2019-11-20 11:42:12,668 - ResourceManager.getResource() parse exception
org.apache.velocity.exception.ParseErrorException: Lexical error,   Encountered: " " (32), after : "&" at templates/posts.vtl[line 9, column 34]
	at org.apache.velocity.Template.process(Template.java:151)
	at org.apache.velocity.runtime.resource.ResourceManagerImpl.loadResource(ResourceManagerImpl.java:437)
	at org.apache.velocity.runtime.resource.ResourceManagerImpl.getResource(ResourceManagerImpl.java:352)
	at org.apache.velocity.runtime.RuntimeInstance.getTemplate(RuntimeInstance.java:1533)
	at org.apache.velocity.app.VelocityEngine.getTemplate(VelocityEngine.java:392)
	at VelocityTemplateEngine.render(VelocityTemplateEngine.java:79)
	at spark.TemplateViewRouteImpl$1.render(TemplateViewRouteImpl.java:61)
	at spark.TemplateViewRouteImpl$1.render(TemplateViewRouteImpl.java:58)
	at spark.TemplateViewRouteImpl.render(TemplateViewRouteImpl.java:86)
	at spark.http.matching.Routes.execute(Routes.java:63)
	at spark.http.matching.MatcherFilter.doFilter(MatcherFilter.java:130)
	at spark.embeddedserver.jetty.JettyHandler.doHandle(JettyHandler.java:50)
	at org.eclipse.jetty.server.session.SessionHandler.doScope(SessionHandler.java:1568)
	at org.eclipse.jetty.server.handler.ScopedHandler.handle(ScopedHandler.java:141)
	at org.eclipse.jetty.server.handler.HandlerWrapper.handle(HandlerWrapper.java:132)
	at org.eclipse.jetty.server.Server.handle(Server.java:530)
	at org.eclipse.jetty.server.HttpChannel.handle(HttpChannel.java:347)
	at org.eclipse.jetty.server.HttpConnection.onFillable(HttpConnection.java:256)
	at org.eclipse.jetty.io.AbstractConnection$ReadCallback.succeeded(AbstractConnection.java:279)
	at org.eclipse.jetty.io.FillInterest.fillable(FillInterest.java:102)
	at org.eclipse.jetty.io.ChannelEndPoint$2.run(ChannelEndPoint.java:124)
	at org.eclipse.jetty.util.thread.strategy.EatWhatYouKill.doProduce(EatWhatYouKill.java:247)
	at org.eclipse.jetty.util.thread.strategy.EatWhatYouKill.produce(EatWhatYouKill.java:140)
	at org.eclipse.jetty.util.thread.QueuedThreadPool.runJob(QueuedThreadPool.java:708)
	at org.eclipse.jetty.util.thread.QueuedThreadPool$2.run(QueuedThreadPool.java:626)
	at java.base/java.lang.Thread.run(Thread.java:830)
2019-11-20 13:07:34,498 - Parser Exception: templates/posts.vtl
org.apache.velocity.runtime.parser.ParseException: Encountered "<EOF>" at line 23, column 7.
Was expecting one of:
    "(" ...
    <RPAREN> ...
    <ESCAPE_DIRECTIVE> ...
    <SET_DIRECTIVE> ...
    "##" ...
    "\\\\" ...
    "\\" ...
    <TEXT> ...
    "*#" ...
    "*#" ...
    "]]#" ...
    <STRING_LITERAL> ...
    <END> ...
    <IF_DIRECTIVE> ...
    <INTEGER_LITERAL> ...
    <FLOATING_POINT_LITERAL> ...
    <WORD> ...
    <BRACKETED_WORD> ...
    <IDENTIFIER> ...
    <DOT> ...
    "{" ...
    "}" ...
    <EMPTY_INDEX> ...
    
	at org.apache.velocity.runtime.parser.Parser.generateParseException(Parser.java:3679)
	at org.apache.velocity.runtime.parser.Parser.jj_consume_token(Parser.java:3558)
	at org.apache.velocity.runtime.parser.Parser.Directive(Parser.java:939)
	at org.apache.velocity.runtime.parser.Parser.Statement(Parser.java:379)
	at org.apache.velocity.runtime.parser.Parser.process(Parser.java:317)
	at org.apache.velocity.runtime.parser.Parser.parse(Parser.java:117)
	at org.apache.velocity.runtime.RuntimeInstance.parse(RuntimeInstance.java:1226)
	at org.apache.velocity.runtime.RuntimeInstance.parse(RuntimeInstance.java:1181)
	at org.apache.velocity.Template.process(Template.java:134)
	at org.apache.velocity.runtime.resource.ResourceManagerImpl.loadResource(ResourceManagerImpl.java:437)
	at org.apache.velocity.runtime.resource.ResourceManagerImpl.getResource(ResourceManagerImpl.java:352)
	at org.apache.velocity.runtime.RuntimeInstance.getTemplate(RuntimeInstance.java:1533)
	at org.apache.velocity.app.VelocityEngine.getTemplate(VelocityEngine.java:392)
	at VelocityTemplateEngine.render(VelocityTemplateEngine.java:79)
	at spark.TemplateViewRouteImpl$1.render(TemplateViewRouteImpl.java:61)
	at spark.TemplateViewRouteImpl$1.render(TemplateViewRouteImpl.java:58)
	at spark.TemplateViewRouteImpl.render(TemplateViewRouteImpl.java:86)
	at spark.http.matching.Routes.execute(Routes.java:63)
	at spark.http.matching.MatcherFilter.doFilter(MatcherFilter.java:130)
	at spark.embeddedserver.jetty.JettyHandler.doHandle(JettyHandler.java:50)
	at org.eclipse.jetty.server.session.SessionHandler.doScope(SessionHandler.java:1568)
	at org.eclipse.jetty.server.handler.ScopedHandler.handle(ScopedHandler.java:141)
	at org.eclipse.jetty.server.handler.HandlerWrapper.handle(HandlerWrapper.java:132)
	at org.eclipse.jetty.server.Server.handle(Server.java:530)
	at org.eclipse.jetty.server.HttpChannel.handle(HttpChannel.java:347)
	at org.eclipse.jetty.server.HttpConnection.onFillable(HttpConnection.java:256)
	at org.eclipse.jetty.io.AbstractConnection$ReadCallback.succeeded(AbstractConnection.java:279)
	at org.eclipse.jetty.io.FillInterest.fillable(FillInterest.java:102)
	at org.eclipse.jetty.io.ChannelEndPoint$2.run(ChannelEndPoint.java:124)
	at org.eclipse.jetty.util.thread.strategy.EatWhatYouKill.doProduce(EatWhatYouKill.java:247)
	at org.eclipse.jetty.util.thread.strategy.EatWhatYouKill.produce(EatWhatYouKill.java:140)
	at org.eclipse.jetty.util.thread.QueuedThreadPool.runJob(QueuedThreadPool.java:708)
	at org.eclipse.jetty.util.thread.QueuedThreadPool$2.run(QueuedThreadPool.java:626)
	at java.base/java.lang.Thread.run(Thread.java:830)
2019-11-20 13:07:34,501 - ResourceManager.getResource() parse exception
org.apache.velocity.exception.ParseErrorException: Encountered "<EOF>" at templates/posts.vtl[line 23, column 7]
Was expecting one of:
    "(" ...
    <RPAREN> ...
    <ESCAPE_DIRECTIVE> ...
    <SET_DIRECTIVE> ...
    "##" ...
    "\\\\" ...
    "\\" ...
    <TEXT> ...
    "*#" ...
    "*#" ...
    "]]#" ...
    <STRING_LITERAL> ...
    <END> ...
    <IF_DIRECTIVE> ...
    <INTEGER_LITERAL> ...
    <FLOATING_POINT_LITERAL> ...
    <WORD> ...
    <BRACKETED_WORD> ...
    <IDENTIFIER> ...
    <DOT> ...
    "{" ...
    "}" ...
    <EMPTY_INDEX> ...
    
	at org.apache.velocity.Template.process(Template.java:151)
	at org.apache.velocity.runtime.resource.ResourceManagerImpl.loadResource(ResourceManagerImpl.java:437)
	at org.apache.velocity.runtime.resource.ResourceManagerImpl.getResource(ResourceManagerImpl.java:352)
	at org.apache.velocity.runtime.RuntimeInstance.getTemplate(RuntimeInstance.java:1533)
	at org.apache.velocity.app.VelocityEngine.getTemplate(VelocityEngine.java:392)
	at VelocityTemplateEngine.render(VelocityTemplateEngine.java:79)
	at spark.TemplateViewRouteImpl$1.render(TemplateViewRouteImpl.java:61)
	at spark.TemplateViewRouteImpl$1.render(TemplateViewRouteImpl.java:58)
	at spark.TemplateViewRouteImpl.render(TemplateViewRouteImpl.java:86)
	at spark.http.matching.Routes.execute(Routes.java:63)
	at spark.http.matching.MatcherFilter.doFilter(MatcherFilter.java:130)
	at spark.embeddedserver.jetty.JettyHandler.doHandle(JettyHandler.java:50)
	at org.eclipse.jetty.server.session.SessionHandler.doScope(SessionHandler.java:1568)
	at org.eclipse.jetty.server.handler.ScopedHandler.handle(ScopedHandler.java:141)
	at org.eclipse.jetty.server.handler.HandlerWrapper.handle(HandlerWrapper.java:132)
	at org.eclipse.jetty.server.Server.handle(Server.java:530)
	at org.eclipse.jetty.server.HttpChannel.handle(HttpChannel.java:347)
	at org.eclipse.jetty.server.HttpConnection.onFillable(HttpConnection.java:256)
	at org.eclipse.jetty.io.AbstractConnection$ReadCallback.succeeded(AbstractConnection.java:279)
	at org.eclipse.jetty.io.FillInterest.fillable(FillInterest.java:102)
	at org.eclipse.jetty.io.ChannelEndPoint$2.run(ChannelEndPoint.java:124)
	at org.eclipse.jetty.util.thread.strategy.EatWhatYouKill.doProduce(EatWhatYouKill.java:247)
	at org.eclipse.jetty.util.thread.strategy.EatWhatYouKill.produce(EatWhatYouKill.java:140)
	at org.eclipse.jetty.util.thread.QueuedThreadPool.runJob(QueuedThreadPool.java:708)
	at org.eclipse.jetty.util.thread.QueuedThreadPool$2.run(QueuedThreadPool.java:626)
	at java.base/java.lang.Thread.run(Thread.java:830)
2019-11-20 13:33:36,869 - Parser Exception: templates/posts.vtl
org.apache.velocity.runtime.parser.ParseException: Encountered "=" at line 11, column 27.
Was expecting one of:
    "[" ...
    "{" ...
    "(" ...
    <WHITESPACE> ...
    <STRING_LITERAL> ...
    "true" ...
    "false" ...
    <INTEGER_LITERAL> ...
    <FLOATING_POINT_LITERAL> ...
    <IDENTIFIER> ...
    "{" ...
    <WHITESPACE> ...
    
	at org.apache.velocity.runtime.parser.Parser.generateParseException(Parser.java:3679)
	at org.apache.velocity.runtime.parser.Parser.jj_consume_token(Parser.java:3558)
	at org.apache.velocity.runtime.parser.Parser.UnaryExpression(Parser.java:2590)
	at org.apache.velocity.runtime.parser.Parser.MultiplicativeExpression(Parser.java:2435)
	at org.apache.velocity.runtime.parser.Parser.AdditiveExpression(Parser.java:2359)
	at org.apache.velocity.runtime.parser.Parser.RelationalExpression(Parser.java:2227)
	at org.apache.velocity.runtime.parser.Parser.EqualityExpression(Parser.java:2170)
	at org.apache.velocity.runtime.parser.Parser.ConditionalAndExpression(Parser.java:2111)
	at org.apache.velocity.runtime.parser.Parser.ConditionalOrExpression(Parser.java:2071)
	at org.apache.velocity.runtime.parser.Parser.Expression(Parser.java:2018)
	at org.apache.velocity.runtime.parser.Parser.IfStatement(Parser.java:1655)
	at org.apache.velocity.runtime.parser.Parser.Statement(Parser.java:352)
	at org.apache.velocity.runtime.parser.Parser.Directive(Parser.java:918)
	at org.apache.velocity.runtime.parser.Parser.Statement(Parser.java:379)
	at org.apache.velocity.runtime.parser.Parser.Directive(Parser.java:918)
	at org.apache.velocity.runtime.parser.Parser.Statement(Parser.java:379)
	at org.apache.velocity.runtime.parser.Parser.process(Parser.java:317)
	at org.apache.velocity.runtime.parser.Parser.parse(Parser.java:117)
	at org.apache.velocity.runtime.RuntimeInstance.parse(RuntimeInstance.java:1226)
	at org.apache.velocity.runtime.RuntimeInstance.parse(RuntimeInstance.java:1181)
	at org.apache.velocity.Template.process(Template.java:134)
	at org.apache.velocity.runtime.resource.ResourceManagerImpl.loadResource(ResourceManagerImpl.java:437)
	at org.apache.velocity.runtime.resource.ResourceManagerImpl.getResource(ResourceManagerImpl.java:352)
	at org.apache.velocity.runtime.RuntimeInstance.getTemplate(RuntimeInstance.java:1533)
	at org.apache.velocity.app.VelocityEngine.getTemplate(VelocityEngine.java:392)
	at VelocityTemplateEngine.render(VelocityTemplateEngine.java:79)
	at spark.TemplateViewRouteImpl$1.render(TemplateViewRouteImpl.java:61)
	at spark.TemplateViewRouteImpl$1.render(TemplateViewRouteImpl.java:58)
	at spark.TemplateViewRouteImpl.render(TemplateViewRouteImpl.java:86)
	at spark.http.matching.Routes.execute(Routes.java:63)
	at spark.http.matching.MatcherFilter.doFilter(MatcherFilter.java:130)
	at spark.embeddedserver.jetty.JettyHandler.doHandle(JettyHandler.java:50)
	at org.eclipse.jetty.server.session.SessionHandler.doScope(SessionHandler.java:1568)
	at org.eclipse.jetty.server.handler.ScopedHandler.handle(ScopedHandler.java:141)
	at org.eclipse.jetty.server.handler.HandlerWrapper.handle(HandlerWrapper.java:132)
	at org.eclipse.jetty.server.Server.handle(Server.java:530)
	at org.eclipse.jetty.server.HttpChannel.handle(HttpChannel.java:347)
	at org.eclipse.jetty.server.HttpConnection.onFillable(HttpConnection.java:256)
	at org.eclipse.jetty.io.AbstractConnection$ReadCallback.succeeded(AbstractConnection.java:279)
	at org.eclipse.jetty.io.FillInterest.fillable(FillInterest.java:102)
	at org.eclipse.jetty.io.ChannelEndPoint$2.run(ChannelEndPoint.java:124)
	at org.eclipse.jetty.util.thread.strategy.EatWhatYouKill.doProduce(EatWhatYouKill.java:247)
	at org.eclipse.jetty.util.thread.strategy.EatWhatYouKill.produce(EatWhatYouKill.java:140)
	at org.eclipse.jetty.util.thread.QueuedThreadPool.runJob(QueuedThreadPool.java:708)
	at org.eclipse.jetty.util.thread.QueuedThreadPool$2.run(QueuedThreadPool.java:626)
	at java.base/java.lang.Thread.run(Thread.java:830)
2019-11-20 13:33:36,872 - ResourceManager.getResource() parse exception
org.apache.velocity.exception.ParseErrorException: Encountered "=" at templates/posts.vtl[line 11, column 27]
Was expecting one of:
    "[" ...
    "{" ...
    "(" ...
    <WHITESPACE> ...
    <STRING_LITERAL> ...
    "true" ...
    "false" ...
    <INTEGER_LITERAL> ...
    <FLOATING_POINT_LITERAL> ...
    <IDENTIFIER> ...
    "{" ...
    <WHITESPACE> ...
    
	at org.apache.velocity.Template.process(Template.java:151)
	at org.apache.velocity.runtime.resource.ResourceManagerImpl.loadResource(ResourceManagerImpl.java:437)
	at org.apache.velocity.runtime.resource.ResourceManagerImpl.getResource(ResourceManagerImpl.java:352)
	at org.apache.velocity.runtime.RuntimeInstance.getTemplate(RuntimeInstance.java:1533)
	at org.apache.velocity.app.VelocityEngine.getTemplate(VelocityEngine.java:392)
	at VelocityTemplateEngine.render(VelocityTemplateEngine.java:79)
	at spark.TemplateViewRouteImpl$1.render(TemplateViewRouteImpl.java:61)
	at spark.TemplateViewRouteImpl$1.render(TemplateViewRouteImpl.java:58)
	at spark.TemplateViewRouteImpl.render(TemplateViewRouteImpl.java:86)
	at spark.http.matching.Routes.execute(Routes.java:63)
	at spark.http.matching.MatcherFilter.doFilter(MatcherFilter.java:130)
	at spark.embeddedserver.jetty.JettyHandler.doHandle(JettyHandler.java:50)
	at org.eclipse.jetty.server.session.SessionHandler.doScope(SessionHandler.java:1568)
	at org.eclipse.jetty.server.handler.ScopedHandler.handle(ScopedHandler.java:141)
	at org.eclipse.jetty.server.handler.HandlerWrapper.handle(HandlerWrapper.java:132)
	at org.eclipse.jetty.server.Server.handle(Server.java:530)
	at org.eclipse.jetty.server.HttpChannel.handle(HttpChannel.java:347)
	at org.eclipse.jetty.server.HttpConnection.onFillable(HttpConnection.java:256)
	at org.eclipse.jetty.io.AbstractConnection$ReadCallback.succeeded(AbstractConnection.java:279)
	at org.eclipse.jetty.io.FillInterest.fillable(FillInterest.java:102)
	at org.eclipse.jetty.io.ChannelEndPoint$2.run(ChannelEndPoint.java:124)
	at org.eclipse.jetty.util.thread.strategy.EatWhatYouKill.doProduce(EatWhatYouKill.java:247)
	at org.eclipse.jetty.util.thread.strategy.EatWhatYouKill.produce(EatWhatYouKill.java:140)
	at org.eclipse.jetty.util.thread.QueuedThreadPool.runJob(QueuedThreadPool.java:708)
	at org.eclipse.jetty.util.thread.QueuedThreadPool$2.run(QueuedThreadPool.java:626)
	at java.base/java.lang.Thread.run(Thread.java:830)
2019-11-20 13:34:09,585 - Parser Exception: templates/posts.vtl
org.apache.velocity.runtime.parser.ParseException: Encountered "i" at line 11, column 22.
Was expecting one of:
    "[" ...
    "{" ...
    "(" ...
    <STRING_LITERAL> ...
    "true" ...
    "false" ...
    <INTEGER_LITERAL> ...
    <FLOATING_POINT_LITERAL> ...
    <IDENTIFIER> ...
    "{" ...
    "[" ...
    
	at org.apache.velocity.runtime.parser.Parser.generateParseException(Parser.java:3679)
	at org.apache.velocity.runtime.parser.Parser.jj_consume_token(Parser.java:3558)
	at org.apache.velocity.runtime.parser.Parser.PrimaryExpression(Parser.java:2644)
	at org.apache.velocity.runtime.parser.Parser.UnaryExpression(Parser.java:2586)
	at org.apache.velocity.runtime.parser.Parser.MultiplicativeExpression(Parser.java:2435)
	at org.apache.velocity.runtime.parser.Parser.AdditiveExpression(Parser.java:2359)
	at org.apache.velocity.runtime.parser.Parser.RelationalExpression(Parser.java:2227)
	at org.apache.velocity.runtime.parser.Parser.EqualityExpression(Parser.java:2151)
	at org.apache.velocity.runtime.parser.Parser.ConditionalAndExpression(Parser.java:2111)
	at org.apache.velocity.runtime.parser.Parser.ConditionalOrExpression(Parser.java:2071)
	at org.apache.velocity.runtime.parser.Parser.Expression(Parser.java:2018)
	at org.apache.velocity.runtime.parser.Parser.IfStatement(Parser.java:1655)
	at org.apache.velocity.runtime.parser.Parser.Statement(Parser.java:352)
	at org.apache.velocity.runtime.parser.Parser.Directive(Parser.java:918)
	at org.apache.velocity.runtime.parser.Parser.Statement(Parser.java:379)
	at org.apache.velocity.runtime.parser.Parser.Directive(Parser.java:918)
	at org.apache.velocity.runtime.parser.Parser.Statement(Parser.java:379)
	at org.apache.velocity.runtime.parser.Parser.process(Parser.java:317)
	at org.apache.velocity.runtime.parser.Parser.parse(Parser.java:117)
	at org.apache.velocity.runtime.RuntimeInstance.parse(RuntimeInstance.java:1226)
	at org.apache.velocity.runtime.RuntimeInstance.parse(RuntimeInstance.java:1181)
	at org.apache.velocity.Template.process(Template.java:134)
	at org.apache.velocity.runtime.resource.ResourceManagerImpl.loadResource(ResourceManagerImpl.java:437)
	at org.apache.velocity.runtime.resource.ResourceManagerImpl.getResource(ResourceManagerImpl.java:352)
	at org.apache.velocity.runtime.RuntimeInstance.getTemplate(RuntimeInstance.java:1533)
	at org.apache.velocity.app.VelocityEngine.getTemplate(VelocityEngine.java:392)
	at VelocityTemplateEngine.render(VelocityTemplateEngine.java:79)
	at spark.TemplateViewRouteImpl$1.render(TemplateViewRouteImpl.java:61)
	at spark.TemplateViewRouteImpl$1.render(TemplateViewRouteImpl.java:58)
	at spark.TemplateViewRouteImpl.render(TemplateViewRouteImpl.java:86)
	at spark.http.matching.Routes.execute(Routes.java:63)
	at spark.http.matching.MatcherFilter.doFilter(MatcherFilter.java:130)
	at spark.embeddedserver.jetty.JettyHandler.doHandle(JettyHandler.java:50)
	at org.eclipse.jetty.server.session.SessionHandler.doScope(SessionHandler.java:1568)
	at org.eclipse.jetty.server.handler.ScopedHandler.handle(ScopedHandler.java:141)
	at org.eclipse.jetty.server.handler.HandlerWrapper.handle(HandlerWrapper.java:132)
	at org.eclipse.jetty.server.Server.handle(Server.java:530)
	at org.eclipse.jetty.server.HttpChannel.handle(HttpChannel.java:347)
	at org.eclipse.jetty.server.HttpConnection.onFillable(HttpConnection.java:256)
	at org.eclipse.jetty.io.AbstractConnection$ReadCallback.succeeded(AbstractConnection.java:279)
	at org.eclipse.jetty.io.FillInterest.fillable(FillInterest.java:102)
	at org.eclipse.jetty.io.ChannelEndPoint$2.run(ChannelEndPoint.java:124)
	at org.eclipse.jetty.util.thread.strategy.EatWhatYouKill.doProduce(EatWhatYouKill.java:247)
	at org.eclipse.jetty.util.thread.strategy.EatWhatYouKill.produce(EatWhatYouKill.java:140)
	at org.eclipse.jetty.util.thread.QueuedThreadPool.runJob(QueuedThreadPool.java:708)
	at org.eclipse.jetty.util.thread.QueuedThreadPool$2.run(QueuedThreadPool.java:626)
	at java.base/java.lang.Thread.run(Thread.java:830)
2019-11-20 13:34:09,591 - ResourceManager.getResource() parse exception
org.apache.velocity.exception.ParseErrorException: Encountered "i" at templates/posts.vtl[line 11, column 22]
Was expecting one of:
    "[" ...
    "{" ...
    "(" ...
    <STRING_LITERAL> ...
    "true" ...
    "false" ...
    <INTEGER_LITERAL> ...
    <FLOATING_POINT_LITERAL> ...
    <IDENTIFIER> ...
    "{" ...
    "[" ...
    
	at org.apache.velocity.Template.process(Template.java:151)
	at org.apache.velocity.runtime.resource.ResourceManagerImpl.loadResource(ResourceManagerImpl.java:437)
	at org.apache.velocity.runtime.resource.ResourceManagerImpl.getResource(ResourceManagerImpl.java:352)
	at org.apache.velocity.runtime.RuntimeInstance.getTemplate(RuntimeInstance.java:1533)
	at org.apache.velocity.app.VelocityEngine.getTemplate(VelocityEngine.java:392)
	at VelocityTemplateEngine.render(VelocityTemplateEngine.java:79)
	at spark.TemplateViewRouteImpl$1.render(TemplateViewRouteImpl.java:61)
	at spark.TemplateViewRouteImpl$1.render(TemplateViewRouteImpl.java:58)
	at spark.TemplateViewRouteImpl.render(TemplateViewRouteImpl.java:86)
	at spark.http.matching.Routes.execute(Routes.java:63)
	at spark.http.matching.MatcherFilter.doFilter(MatcherFilter.java:130)
	at spark.embeddedserver.jetty.JettyHandler.doHandle(JettyHandler.java:50)
	at org.eclipse.jetty.server.session.SessionHandler.doScope(SessionHandler.java:1568)
	at org.eclipse.jetty.server.handler.ScopedHandler.handle(ScopedHandler.java:141)
	at org.eclipse.jetty.server.handler.HandlerWrapper.handle(HandlerWrapper.java:132)
	at org.eclipse.jetty.server.Server.handle(Server.java:530)
	at org.eclipse.jetty.server.HttpChannel.handle(HttpChannel.java:347)
	at org.eclipse.jetty.server.HttpConnection.onFillable(HttpConnection.java:256)
	at org.eclipse.jetty.io.AbstractConnection$ReadCallback.succeeded(AbstractConnection.java:279)
	at org.eclipse.jetty.io.FillInterest.fillable(FillInterest.java:102)
	at org.eclipse.jetty.io.ChannelEndPoint$2.run(ChannelEndPoint.java:124)
	at org.eclipse.jetty.util.thread.strategy.EatWhatYouKill.doProduce(EatWhatYouKill.java:247)
	at org.eclipse.jetty.util.thread.strategy.EatWhatYouKill.produce(EatWhatYouKill.java:140)
	at org.eclipse.jetty.util.thread.QueuedThreadPool.runJob(QueuedThreadPool.java:708)
	at org.eclipse.jetty.util.thread.QueuedThreadPool$2.run(QueuedThreadPool.java:626)
	at java.base/java.lang.Thread.run(Thread.java:830)
2019-11-20 13:45:51,568 - Parser Error: templates/posts.vtl
org.apache.velocity.runtime.directive.MacroParseException: Invalid arg #2 in directive #foreach at templates/posts.vtl[line 12, column 19]

	at org.apache.velocity.runtime.parser.Parser.Directive(Parser.java:831)
	at org.apache.velocity.runtime.parser.Parser.Statement(Parser.java:379)
	at org.apache.velocity.runtime.parser.Parser.process(Parser.java:317)
	at org.apache.velocity.runtime.parser.Parser.parse(Parser.java:117)
	at org.apache.velocity.runtime.RuntimeInstance.parse(RuntimeInstance.java:1226)
	at org.apache.velocity.runtime.RuntimeInstance.parse(RuntimeInstance.java:1181)
	at org.apache.velocity.Template.process(Template.java:134)
	at org.apache.velocity.runtime.resource.ResourceManagerImpl.loadResource(ResourceManagerImpl.java:437)
	at org.apache.velocity.runtime.resource.ResourceManagerImpl.getResource(ResourceManagerImpl.java:352)
	at org.apache.velocity.runtime.RuntimeInstance.getTemplate(RuntimeInstance.java:1533)
	at org.apache.velocity.app.VelocityEngine.getTemplate(VelocityEngine.java:392)
	at VelocityTemplateEngine.render(VelocityTemplateEngine.java:79)
	at spark.TemplateViewRouteImpl$1.render(TemplateViewRouteImpl.java:61)
	at spark.TemplateViewRouteImpl$1.render(TemplateViewRouteImpl.java:58)
	at spark.TemplateViewRouteImpl.render(TemplateViewRouteImpl.java:86)
	at spark.http.matching.Routes.execute(Routes.java:63)
	at spark.http.matching.MatcherFilter.doFilter(MatcherFilter.java:130)
	at spark.embeddedserver.jetty.JettyHandler.doHandle(JettyHandler.java:50)
	at org.eclipse.jetty.server.session.SessionHandler.doScope(SessionHandler.java:1568)
	at org.eclipse.jetty.server.handler.ScopedHandler.handle(ScopedHandler.java:141)
	at org.eclipse.jetty.server.handler.HandlerWrapper.handle(HandlerWrapper.java:132)
	at org.eclipse.jetty.server.Server.handle(Server.java:530)
	at org.eclipse.jetty.server.HttpChannel.handle(HttpChannel.java:347)
	at org.eclipse.jetty.server.HttpConnection.onFillable(HttpConnection.java:256)
	at org.eclipse.jetty.io.AbstractConnection$ReadCallback.succeeded(AbstractConnection.java:279)
	at org.eclipse.jetty.io.FillInterest.fillable(FillInterest.java:102)
	at org.eclipse.jetty.io.ChannelEndPoint$2.run(ChannelEndPoint.java:124)
	at org.eclipse.jetty.util.thread.strategy.EatWhatYouKill.doProduce(EatWhatYouKill.java:247)
	at org.eclipse.jetty.util.thread.strategy.EatWhatYouKill.produce(EatWhatYouKill.java:140)
	at org.eclipse.jetty.util.thread.QueuedThreadPool.runJob(QueuedThreadPool.java:708)
	at org.eclipse.jetty.util.thread.QueuedThreadPool$2.run(QueuedThreadPool.java:626)
	at java.base/java.lang.Thread.run(Thread.java:830)
2019-11-20 13:45:51,574 - ResourceManager.getResource() parse exception
org.apache.velocity.exception.ParseErrorException: Invalid arg #2 in directive #foreach at templates/posts.vtl[line 12, column 19]

	at org.apache.velocity.Template.process(Template.java:151)
	at org.apache.velocity.runtime.resource.ResourceManagerImpl.loadResource(ResourceManagerImpl.java:437)
	at org.apache.velocity.runtime.resource.ResourceManagerImpl.getResource(ResourceManagerImpl.java:352)
	at org.apache.velocity.runtime.RuntimeInstance.getTemplate(RuntimeInstance.java:1533)
	at org.apache.velocity.app.VelocityEngine.getTemplate(VelocityEngine.java:392)
	at VelocityTemplateEngine.render(VelocityTemplateEngine.java:79)
	at spark.TemplateViewRouteImpl$1.render(TemplateViewRouteImpl.java:61)
	at spark.TemplateViewRouteImpl$1.render(TemplateViewRouteImpl.java:58)
	at spark.TemplateViewRouteImpl.render(TemplateViewRouteImpl.java:86)
	at spark.http.matching.Routes.execute(Routes.java:63)
	at spark.http.matching.MatcherFilter.doFilter(MatcherFilter.java:130)
	at spark.embeddedserver.jetty.JettyHandler.doHandle(JettyHandler.java:50)
	at org.eclipse.jetty.server.session.SessionHandler.doScope(SessionHandler.java:1568)
	at org.eclipse.jetty.server.handler.ScopedHandler.handle(ScopedHandler.java:141)
	at org.eclipse.jetty.server.handler.HandlerWrapper.handle(HandlerWrapper.java:132)
	at org.eclipse.jetty.server.Server.handle(Server.java:530)
	at org.eclipse.jetty.server.HttpChannel.handle(HttpChannel.java:347)
	at org.eclipse.jetty.server.HttpConnection.onFillable(HttpConnection.java:256)
	at org.eclipse.jetty.io.AbstractConnection$ReadCallback.succeeded(AbstractConnection.java:279)
	at org.eclipse.jetty.io.FillInterest.fillable(FillInterest.java:102)
	at org.eclipse.jetty.io.ChannelEndPoint$2.run(ChannelEndPoint.java:124)
	at org.eclipse.jetty.util.thread.strategy.EatWhatYouKill.doProduce(EatWhatYouKill.java:247)
	at org.eclipse.jetty.util.thread.strategy.EatWhatYouKill.produce(EatWhatYouKill.java:140)
	at org.eclipse.jetty.util.thread.QueuedThreadPool.runJob(QueuedThreadPool.java:708)
	at org.eclipse.jetty.util.thread.QueuedThreadPool$2.run(QueuedThreadPool.java:626)
	at java.base/java.lang.Thread.run(Thread.java:830)
